{"/Users/allenhuo/Documents/code/Grammarly-Clone/backend/metrics.js": {"path":"/Users/allenhuo/Documents/code/Grammarly-Clone/backend/metrics.js","statementMap":{"0":{"start":{"line":3,"column":20},"end":{"line":3,"column":24}},"1":{"start":{"line":7,"column":4},"end":{"line":7,"column":21}},"2":{"start":{"line":10,"column":4},"end":{"line":10,"column":66}},"3":{"start":{"line":10,"column":59},"end":{"line":10,"column":66}},"4":{"start":{"line":11,"column":4},"end":{"line":11,"column":25}},"5":{"start":{"line":12,"column":4},"end":{"line":12,"column":62}},"6":{"start":{"line":12,"column":42},"end":{"line":12,"column":62}},"7":{"start":{"line":15,"column":16},"end":{"line":15,"column":54}},"8":{"start":{"line":15,"column":48},"end":{"line":15,"column":53}},"9":{"start":{"line":16,"column":14},"end":{"line":16,"column":24}},"10":{"start":{"line":17,"column":17},"end":{"line":17,"column":88}},"11":{"start":{"line":17,"column":25},"end":{"line":17,"column":87}},"12":{"start":{"line":18,"column":16},"end":{"line":18,"column":46}},"13":{"start":{"line":18,"column":37},"end":{"line":18,"column":42}},"14":{"start":{"line":19,"column":4},"end":{"line":27,"column":6}},"15":{"start":{"line":31,"column":16},"end":{"line":35,"column":1}},"16":{"start":{"line":38,"column":2},"end":{"line":38,"column":52}},"17":{"start":{"line":38,"column":22},"end":{"line":38,"column":52}},"18":{"start":{"line":39,"column":2},"end":{"line":39,"column":24}},"19":{"start":{"line":43,"column":14},"end":{"line":43,"column":16}},"20":{"start":{"line":44,"column":2},"end":{"line":46,"column":3}},"21":{"start":{"line":45,"column":4},"end":{"line":45,"column":38}},"22":{"start":{"line":47,"column":2},"end":{"line":47,"column":13}}},"fnMap":{"0":{"name":"(anonymous_0)","decl":{"start":{"line":6,"column":2},"end":{"line":6,"column":3}},"loc":{"start":{"line":6,"column":16},"end":{"line":8,"column":3}},"line":6},"1":{"name":"(anonymous_1)","decl":{"start":{"line":9,"column":2},"end":{"line":9,"column":3}},"loc":{"start":{"line":9,"column":10},"end":{"line":13,"column":3}},"line":9},"2":{"name":"(anonymous_2)","decl":{"start":{"line":14,"column":2},"end":{"line":14,"column":3}},"loc":{"start":{"line":14,"column":12},"end":{"line":28,"column":3}},"line":14},"3":{"name":"(anonymous_3)","decl":{"start":{"line":15,"column":38},"end":{"line":15,"column":39}},"loc":{"start":{"line":15,"column":48},"end":{"line":15,"column":53}},"line":15},"4":{"name":"(anonymous_4)","decl":{"start":{"line":17,"column":17},"end":{"line":17,"column":18}},"loc":{"start":{"line":17,"column":25},"end":{"line":17,"column":87}},"line":17},"5":{"name":"(anonymous_5)","decl":{"start":{"line":18,"column":27},"end":{"line":18,"column":28}},"loc":{"start":{"line":18,"column":37},"end":{"line":18,"column":42}},"line":18},"6":{"name":"recordMetric","decl":{"start":{"line":37,"column":16},"end":{"line":37,"column":28}},"loc":{"start":{"line":37,"column":39},"end":{"line":40,"column":1}},"line":37},"7":{"name":"getMetricsSnapshot","decl":{"start":{"line":42,"column":16},"end":{"line":42,"column":34}},"loc":{"start":{"line":42,"column":37},"end":{"line":48,"column":1}},"line":42}},"branchMap":{"0":{"loc":{"start":{"line":10,"column":4},"end":{"line":10,"column":66}},"type":"if","locations":[{"start":{"line":10,"column":4},"end":{"line":10,"column":66}},{"start":{},"end":{}}],"line":10},"1":{"loc":{"start":{"line":10,"column":8},"end":{"line":10,"column":57}},"type":"binary-expr","locations":[{"start":{"line":10,"column":8},"end":{"line":10,"column":30}},{"start":{"line":10,"column":34},"end":{"line":10,"column":47}},{"start":{"line":10,"column":51},"end":{"line":10,"column":57}}],"line":10},"2":{"loc":{"start":{"line":12,"column":4},"end":{"line":12,"column":62}},"type":"if","locations":[{"start":{"line":12,"column":4},"end":{"line":12,"column":62}},{"start":{},"end":{}}],"line":12},"3":{"loc":{"start":{"line":17,"column":25},"end":{"line":17,"column":87}},"type":"cond-expr","locations":[{"start":{"line":17,"column":35},"end":{"line":17,"column":39}},{"start":{"line":17,"column":42},"end":{"line":17,"column":87}}],"line":17},"4":{"loc":{"start":{"line":21,"column":11},"end":{"line":21,"column":28}},"type":"cond-expr","locations":[{"start":{"line":21,"column":15},"end":{"line":21,"column":21}},{"start":{"line":21,"column":24},"end":{"line":21,"column":28}}],"line":21},"5":{"loc":{"start":{"line":25,"column":11},"end":{"line":25,"column":32}},"type":"cond-expr","locations":[{"start":{"line":25,"column":15},"end":{"line":25,"column":25}},{"start":{"line":25,"column":28},"end":{"line":25,"column":32}}],"line":25},"6":{"loc":{"start":{"line":26,"column":11},"end":{"line":26,"column":55}},"type":"cond-expr","locations":[{"start":{"line":26,"column":15},"end":{"line":26,"column":48}},{"start":{"line":26,"column":51},"end":{"line":26,"column":55}}],"line":26},"7":{"loc":{"start":{"line":38,"column":2},"end":{"line":38,"column":52}},"type":"if","locations":[{"start":{"line":38,"column":2},"end":{"line":38,"column":52}},{"start":{},"end":{}}],"line":38}},"s":{"0":1,"1":3,"2":11,"3":0,"4":11,"5":11,"6":0,"7":5,"8":18,"9":5,"10":5,"11":15,"12":5,"13":21,"14":5,"15":1,"16":11,"17":1,"18":11,"19":2,"20":2,"21":5,"22":2},"f":{"0":3,"1":11,"2":5,"3":18,"4":15,"5":21,"6":11,"7":2},"b":{"0":[0,11],"1":[11,11,11],"2":[0,11],"3":[6,9],"4":[3,2],"5":[3,2],"6":[3,2],"7":[1,10]},"inputSourceMap":null,"_coverageSchema":"1a1c01bbd47fc00a2c39e90264f33305004495a9","hash":"dd3df5b2bddce0d25ce88b06f886cfee60986045"}
,"/Users/allenhuo/Documents/code/Grammarly-Clone/backend/ai/index.js": {"path":"/Users/allenhuo/Documents/code/Grammarly-Clone/backend/ai/index.js","statementMap":{"0":{"start":{"line":2,"column":0},"end":{"line":2,"column":16}},"1":{"start":{"line":11,"column":2},"end":{"line":11,"column":25}},"2":{"start":{"line":11,"column":13},"end":{"line":11,"column":25}},"3":{"start":{"line":13,"column":10},"end":{"line":13,"column":29}},"4":{"start":{"line":14,"column":2},"end":{"line":14,"column":36}},"5":{"start":{"line":15,"column":2},"end":{"line":17,"column":3}},"6":{"start":{"line":16,"column":4},"end":{"line":16,"column":30}},"7":{"start":{"line":19,"column":19},"end":{"line":19,"column":33}},"8":{"start":{"line":20,"column":17},"end":{"line":20,"column":35}},"9":{"start":{"line":21,"column":2},"end":{"line":24,"column":3}},"10":{"start":{"line":22,"column":22},"end":{"line":22,"column":51}},"11":{"start":{"line":23,"column":4},"end":{"line":23,"column":50}},"12":{"start":{"line":23,"column":10},"end":{"line":23,"column":39}},"13":{"start":{"line":26,"column":16},"end":{"line":26,"column":74}},"14":{"start":{"line":27,"column":2},"end":{"line":29,"column":3}},"15":{"start":{"line":28,"column":4},"end":{"line":28,"column":49}},"16":{"start":{"line":28,"column":10},"end":{"line":28,"column":38}},"17":{"start":{"line":30,"column":2},"end":{"line":30,"column":14}},"18":{"start":{"line":34,"column":15},"end":{"line":34,"column":24}},"19":{"start":{"line":35,"column":14},"end":{"line":35,"column":16}},"20":{"start":{"line":36,"column":2},"end":{"line":41,"column":3}},"21":{"start":{"line":37,"column":4},"end":{"line":40,"column":5}},"22":{"start":{"line":38,"column":6},"end":{"line":38,"column":18}},"23":{"start":{"line":39,"column":6},"end":{"line":39,"column":18}},"24":{"start":{"line":42,"column":2},"end":{"line":42,"column":13}},"25":{"start":{"line":46,"column":2},"end":{"line":92,"column":3}},"26":{"start":{"line":47,"column":4},"end":{"line":57,"column":5}},"27":{"start":{"line":48,"column":21},"end":{"line":48,"column":47}},"28":{"start":{"line":49,"column":6},"end":{"line":56,"column":8}},"29":{"start":{"line":58,"column":4},"end":{"line":67,"column":5}},"30":{"start":{"line":59,"column":21},"end":{"line":59,"column":77}},"31":{"start":{"line":60,"column":6},"end":{"line":66,"column":8}},"32":{"start":{"line":68,"column":4},"end":{"line":79,"column":5}},"33":{"start":{"line":69,"column":21},"end":{"line":69,"column":50}},"34":{"start":{"line":70,"column":6},"end":{"line":78,"column":8}},"35":{"start":{"line":80,"column":4},"end":{"line":89,"column":5}},"36":{"start":{"line":81,"column":22},"end":{"line":81,"column":72}},"37":{"start":{"line":82,"column":6},"end":{"line":88,"column":8}},"38":{"start":{"line":91,"column":4},"end":{"line":91,"column":16}},"39":{"start":{"line":93,"column":2},"end":{"line":93,"column":14}},"40":{"start":{"line":98,"column":23},"end":{"line":98,"column":66}},"41":{"start":{"line":99,"column":23},"end":{"line":99,"column":69}},"42":{"start":{"line":100,"column":19},"end":{"line":100,"column":57}},"43":{"start":{"line":101,"column":16},"end":{"line":101,"column":65}},"44":{"start":{"line":102,"column":15},"end":{"line":102,"column":17}},"45":{"start":{"line":103,"column":2},"end":{"line":106,"column":3}},"46":{"start":{"line":104,"column":17},"end":{"line":104,"column":35}},"47":{"start":{"line":105,"column":4},"end":{"line":105,"column":45}},"48":{"start":{"line":105,"column":29},"end":{"line":105,"column":45}},"49":{"start":{"line":107,"column":2},"end":{"line":107,"column":14}},"50":{"start":{"line":120,"column":17},"end":{"line":125,"column":4}},"51":{"start":{"line":126,"column":2},"end":{"line":169,"column":3}},"52":{"start":{"line":127,"column":22},"end":{"line":127,"column":59}},"53":{"start":{"line":128,"column":20},"end":{"line":128,"column":24}},"54":{"start":{"line":129,"column":4},"end":{"line":159,"column":5}},"55":{"start":{"line":130,"column":6},"end":{"line":158,"column":7}},"56":{"start":{"line":131,"column":24},"end":{"line":131,"column":34}},"57":{"start":{"line":132,"column":23},"end":{"line":136,"column":10}},"58":{"start":{"line":137,"column":24},"end":{"line":137,"column":44}},"59":{"start":{"line":139,"column":8},"end":{"line":139,"column":61}},"60":{"start":{"line":139,"column":14},"end":{"line":139,"column":50}},"61":{"start":{"line":140,"column":8},"end":{"line":150,"column":9}},"62":{"start":{"line":141,"column":23},"end":{"line":141,"column":27}},"63":{"start":{"line":142,"column":10},"end":{"line":142,"column":71}},"64":{"start":{"line":142,"column":16},"end":{"line":142,"column":60}},"65":{"start":{"line":143,"column":10},"end":{"line":143,"column":58}},"66":{"start":{"line":143,"column":23},"end":{"line":143,"column":58}},"67":{"start":{"line":144,"column":30},"end":{"line":144,"column":90}},"68":{"start":{"line":145,"column":10},"end":{"line":147,"column":11}},"69":{"start":{"line":146,"column":12},"end":{"line":146,"column":80}},"70":{"start":{"line":148,"column":10},"end":{"line":148,"column":57}},"71":{"start":{"line":149,"column":10},"end":{"line":149,"column":19}},"72":{"start":{"line":151,"column":8},"end":{"line":153,"column":9}},"73":{"start":{"line":152,"column":10},"end":{"line":152,"column":65}},"74":{"start":{"line":154,"column":8},"end":{"line":154,"column":48}},"75":{"start":{"line":156,"column":8},"end":{"line":156,"column":22}},"76":{"start":{"line":157,"column":8},"end":{"line":157,"column":17}},"77":{"start":{"line":160,"column":4},"end":{"line":160,"column":57}},"78":{"start":{"line":162,"column":20},"end":{"line":162,"column":43}},"79":{"start":{"line":163,"column":4},"end":{"line":163,"column":34}},"80":{"start":{"line":164,"column":4},"end":{"line":168,"column":6}}},"fnMap":{"0":{"name":"extractJsonObject","decl":{"start":{"line":10,"column":9},"end":{"line":10,"column":26}},"loc":{"start":{"line":10,"column":33},"end":{"line":31,"column":1}},"line":10},"1":{"name":"unique","decl":{"start":{"line":33,"column":9},"end":{"line":33,"column":15}},"loc":{"start":{"line":33,"column":21},"end":{"line":43,"column":1}},"line":33},"2":{"name":"tryMakeProvider","decl":{"start":{"line":45,"column":9},"end":{"line":45,"column":24}},"loc":{"start":{"line":45,"column":31},"end":{"line":94,"column":1}},"line":45},"3":{"name":"getProvidersInOrder","decl":{"start":{"line":96,"column":9},"end":{"line":96,"column":28}},"loc":{"start":{"line":96,"column":47},"end":{"line":108,"column":1}},"line":96},"4":{"name":"generateAI","decl":{"start":{"line":110,"column":22},"end":{"line":110,"column":32}},"loc":{"start":{"line":119,"column":8},"end":{"line":170,"column":1}},"line":119}},"branchMap":{"0":{"loc":{"start":{"line":11,"column":2},"end":{"line":11,"column":25}},"type":"if","locations":[{"start":{"line":11,"column":2},"end":{"line":11,"column":25}},{"start":{},"end":{}}],"line":11},"1":{"loc":{"start":{"line":15,"column":2},"end":{"line":17,"column":3}},"type":"if","locations":[{"start":{"line":15,"column":2},"end":{"line":17,"column":3}},{"start":{},"end":{}}],"line":15},"2":{"loc":{"start":{"line":15,"column":6},"end":{"line":15,"column":46}},"type":"binary-expr","locations":[{"start":{"line":15,"column":6},"end":{"line":15,"column":25}},{"start":{"line":15,"column":29},"end":{"line":15,"column":46}}],"line":15},"3":{"loc":{"start":{"line":21,"column":2},"end":{"line":24,"column":3}},"type":"if","locations":[{"start":{"line":21,"column":2},"end":{"line":24,"column":3}},{"start":{},"end":{}}],"line":21},"4":{"loc":{"start":{"line":21,"column":6},"end":{"line":21,"column":40}},"type":"binary-expr","locations":[{"start":{"line":21,"column":6},"end":{"line":21,"column":19}},{"start":{"line":21,"column":23},"end":{"line":21,"column":40}}],"line":21},"5":{"loc":{"start":{"line":27,"column":2},"end":{"line":29,"column":3}},"type":"if","locations":[{"start":{"line":27,"column":2},"end":{"line":29,"column":3}},{"start":{},"end":{}}],"line":27},"6":{"loc":{"start":{"line":37,"column":4},"end":{"line":40,"column":5}},"type":"if","locations":[{"start":{"line":37,"column":4},"end":{"line":40,"column":5}},{"start":{},"end":{}}],"line":37},"7":{"loc":{"start":{"line":37,"column":8},"end":{"line":37,"column":25}},"type":"binary-expr","locations":[{"start":{"line":37,"column":8},"end":{"line":37,"column":9}},{"start":{"line":37,"column":13},"end":{"line":37,"column":25}}],"line":37},"8":{"loc":{"start":{"line":47,"column":4},"end":{"line":57,"column":5}},"type":"if","locations":[{"start":{"line":47,"column":4},"end":{"line":57,"column":5}},{"start":{},"end":{}}],"line":47},"9":{"loc":{"start":{"line":53,"column":17},"end":{"line":53,"column":58}},"type":"binary-expr","locations":[{"start":{"line":53,"column":17},"end":{"line":53,"column":41}},{"start":{"line":53,"column":45},"end":{"line":53,"column":58}}],"line":53},"10":{"loc":{"start":{"line":54,"column":19},"end":{"line":54,"column":74}},"type":"binary-expr","locations":[{"start":{"line":54,"column":19},"end":{"line":54,"column":46}},{"start":{"line":54,"column":50},"end":{"line":54,"column":74}}],"line":54},"11":{"loc":{"start":{"line":58,"column":4},"end":{"line":67,"column":5}},"type":"if","locations":[{"start":{"line":58,"column":4},"end":{"line":67,"column":5}},{"start":{},"end":{}}],"line":58},"12":{"loc":{"start":{"line":59,"column":21},"end":{"line":59,"column":77}},"type":"binary-expr","locations":[{"start":{"line":59,"column":21},"end":{"line":59,"column":47}},{"start":{"line":59,"column":51},"end":{"line":59,"column":77}}],"line":59},"13":{"loc":{"start":{"line":64,"column":17},"end":{"line":64,"column":70}},"type":"binary-expr","locations":[{"start":{"line":64,"column":17},"end":{"line":64,"column":41}},{"start":{"line":64,"column":45},"end":{"line":64,"column":70}}],"line":64},"14":{"loc":{"start":{"line":68,"column":4},"end":{"line":79,"column":5}},"type":"if","locations":[{"start":{"line":68,"column":4},"end":{"line":79,"column":5}},{"start":{},"end":{}}],"line":68},"15":{"loc":{"start":{"line":68,"column":8},"end":{"line":68,"column":49}},"type":"binary-expr","locations":[{"start":{"line":68,"column":8},"end":{"line":68,"column":28}},{"start":{"line":68,"column":32},"end":{"line":68,"column":49}}],"line":68},"16":{"loc":{"start":{"line":74,"column":17},"end":{"line":74,"column":73}},"type":"binary-expr","locations":[{"start":{"line":74,"column":17},"end":{"line":74,"column":44}},{"start":{"line":74,"column":48},"end":{"line":74,"column":73}}],"line":74},"17":{"loc":{"start":{"line":75,"column":19},"end":{"line":75,"column":80}},"type":"binary-expr","locations":[{"start":{"line":75,"column":19},"end":{"line":75,"column":49}},{"start":{"line":75,"column":53},"end":{"line":75,"column":80}}],"line":75},"18":{"loc":{"start":{"line":76,"column":22},"end":{"line":76,"column":67}},"type":"binary-expr","locations":[{"start":{"line":76,"column":22},"end":{"line":76,"column":51}},{"start":{"line":76,"column":55},"end":{"line":76,"column":67}}],"line":76},"19":{"loc":{"start":{"line":80,"column":4},"end":{"line":89,"column":5}},"type":"if","locations":[{"start":{"line":80,"column":4},"end":{"line":89,"column":5}},{"start":{},"end":{}}],"line":80},"20":{"loc":{"start":{"line":81,"column":22},"end":{"line":81,"column":72}},"type":"binary-expr","locations":[{"start":{"line":81,"column":22},"end":{"line":81,"column":44}},{"start":{"line":81,"column":48},"end":{"line":81,"column":72}}],"line":81},"21":{"loc":{"start":{"line":86,"column":17},"end":{"line":86,"column":67}},"type":"binary-expr","locations":[{"start":{"line":86,"column":17},"end":{"line":86,"column":41}},{"start":{"line":86,"column":45},"end":{"line":86,"column":67}}],"line":86},"22":{"loc":{"start":{"line":99,"column":24},"end":{"line":99,"column":54}},"type":"binary-expr","locations":[{"start":{"line":99,"column":24},"end":{"line":99,"column":48}},{"start":{"line":99,"column":52},"end":{"line":99,"column":54}}],"line":99},"23":{"loc":{"start":{"line":100,"column":20},"end":{"line":100,"column":42}},"type":"binary-expr","locations":[{"start":{"line":100,"column":20},"end":{"line":100,"column":36}},{"start":{"line":100,"column":40},"end":{"line":100,"column":42}}],"line":100},"24":{"loc":{"start":{"line":105,"column":4},"end":{"line":105,"column":45}},"type":"if","locations":[{"start":{"line":105,"column":4},"end":{"line":105,"column":45}},{"start":{},"end":{}}],"line":105},"25":{"loc":{"start":{"line":105,"column":8},"end":{"line":105,"column":27}},"type":"binary-expr","locations":[{"start":{"line":105,"column":8},"end":{"line":105,"column":12}},{"start":{"line":105,"column":16},"end":{"line":105,"column":27}}],"line":105},"26":{"loc":{"start":{"line":110,"column":33},"end":{"line":119,"column":6}},"type":"default-arg","locations":[{"start":{"line":119,"column":4},"end":{"line":119,"column":6}}],"line":110},"27":{"loc":{"start":{"line":111,"column":2},"end":{"line":111,"column":18}},"type":"default-arg","locations":[{"start":{"line":111,"column":9},"end":{"line":111,"column":18}}],"line":111},"28":{"loc":{"start":{"line":112,"column":2},"end":{"line":112,"column":18}},"type":"default-arg","locations":[{"start":{"line":112,"column":16},"end":{"line":112,"column":18}}],"line":112},"29":{"loc":{"start":{"line":113,"column":2},"end":{"line":113,"column":14}},"type":"default-arg","locations":[{"start":{"line":113,"column":12},"end":{"line":113,"column":14}}],"line":113},"30":{"loc":{"start":{"line":114,"column":2},"end":{"line":114,"column":15}},"type":"default-arg","locations":[{"start":{"line":114,"column":13},"end":{"line":114,"column":15}}],"line":114},"31":{"loc":{"start":{"line":115,"column":2},"end":{"line":115,"column":14}},"type":"default-arg","locations":[{"start":{"line":115,"column":12},"end":{"line":115,"column":14}}],"line":115},"32":{"loc":{"start":{"line":122,"column":17},"end":{"line":122,"column":42}},"type":"binary-expr","locations":[{"start":{"line":122,"column":17},"end":{"line":122,"column":28}},{"start":{"line":122,"column":32},"end":{"line":122,"column":36}},{"start":{"line":122,"column":40},"end":{"line":122,"column":42}}],"line":122},"33":{"loc":{"start":{"line":134,"column":14},"end":{"line":134,"column":63}},"type":"cond-expr","locations":[{"start":{"line":134,"column":39},"end":{"line":134,"column":58}},{"start":{"line":134,"column":61},"end":{"line":134,"column":63}}],"line":134},"34":{"loc":{"start":{"line":140,"column":8},"end":{"line":150,"column":9}},"type":"if","locations":[{"start":{"line":140,"column":8},"end":{"line":150,"column":9}},{"start":{},"end":{}}],"line":140},"35":{"loc":{"start":{"line":142,"column":25},"end":{"line":142,"column":59}},"type":"cond-expr","locations":[{"start":{"line":142,"column":34},"end":{"line":142,"column":52}},{"start":{"line":142,"column":55},"end":{"line":142,"column":59}}],"line":142},"36":{"loc":{"start":{"line":143,"column":10},"end":{"line":143,"column":58}},"type":"if","locations":[{"start":{"line":143,"column":10},"end":{"line":143,"column":58}},{"start":{},"end":{}}],"line":143},"37":{"loc":{"start":{"line":144,"column":30},"end":{"line":144,"column":90}},"type":"cond-expr","locations":[{"start":{"line":144,"column":67},"end":{"line":144,"column":85}},{"start":{"line":144,"column":88},"end":{"line":144,"column":90}}],"line":144},"38":{"loc":{"start":{"line":145,"column":10},"end":{"line":147,"column":11}},"type":"if","locations":[{"start":{"line":145,"column":10},"end":{"line":147,"column":11}},{"start":{},"end":{}}],"line":145},"39":{"loc":{"start":{"line":145,"column":14},"end":{"line":145,"column":46}},"type":"binary-expr","locations":[{"start":{"line":145,"column":14},"end":{"line":145,"column":36}},{"start":{"line":145,"column":40},"end":{"line":145,"column":46}}],"line":145},"40":{"loc":{"start":{"line":151,"column":8},"end":{"line":153,"column":9}},"type":"if","locations":[{"start":{"line":151,"column":8},"end":{"line":153,"column":9}},{"start":{},"end":{}}],"line":151},"41":{"loc":{"start":{"line":160,"column":10},"end":{"line":160,"column":56}},"type":"binary-expr","locations":[{"start":{"line":160,"column":10},"end":{"line":160,"column":19}},{"start":{"line":160,"column":23},"end":{"line":160,"column":56}}],"line":160},"42":{"loc":{"start":{"line":162,"column":20},"end":{"line":162,"column":43}},"type":"binary-expr","locations":[{"start":{"line":162,"column":20},"end":{"line":162,"column":30}},{"start":{"line":162,"column":34},"end":{"line":162,"column":43}}],"line":162}},"s":{"0":0,"1":0,"2":0,"3":0,"4":0,"5":0,"6":0,"7":0,"8":0,"9":0,"10":0,"11":0,"12":0,"13":0,"14":0,"15":0,"16":0,"17":0,"18":0,"19":0,"20":0,"21":0,"22":0,"23":0,"24":0,"25":0,"26":0,"27":0,"28":0,"29":0,"30":0,"31":0,"32":0,"33":0,"34":0,"35":0,"36":0,"37":0,"38":0,"39":0,"40":0,"41":0,"42":0,"43":0,"44":0,"45":0,"46":0,"47":0,"48":0,"49":0,"50":0,"51":0,"52":0,"53":0,"54":0,"55":0,"56":0,"57":0,"58":0,"59":0,"60":0,"61":0,"62":0,"63":0,"64":0,"65":0,"66":0,"67":0,"68":0,"69":0,"70":0,"71":0,"72":0,"73":0,"74":0,"75":0,"76":0,"77":0,"78":0,"79":0,"80":0},"f":{"0":0,"1":0,"2":0,"3":0,"4":0},"b":{"0":[0,0],"1":[0,0],"2":[0,0],"3":[0,0],"4":[0,0],"5":[0,0],"6":[0,0],"7":[0,0],"8":[0,0],"9":[0,0],"10":[0,0],"11":[0,0],"12":[0,0],"13":[0,0],"14":[0,0],"15":[0,0],"16":[0,0],"17":[0,0],"18":[0,0],"19":[0,0],"20":[0,0],"21":[0,0],"22":[0,0],"23":[0,0],"24":[0,0],"25":[0,0],"26":[0],"27":[0],"28":[0],"29":[0],"30":[0],"31":[0],"32":[0,0,0],"33":[0,0],"34":[0,0],"35":[0,0],"36":[0,0],"37":[0,0],"38":[0,0],"39":[0,0],"40":[0,0],"41":[0,0],"42":[0,0]},"inputSourceMap":null}
,"/Users/allenhuo/Documents/code/Grammarly-Clone/backend/ai/promptBuilder.js": {"path":"/Users/allenhuo/Documents/code/Grammarly-Clone/backend/ai/promptBuilder.js","statementMap":{"0":{"start":{"line":11,"column":24},"end":{"line":11,"column":46}},"1":{"start":{"line":12,"column":21},"end":{"line":12,"column":77}},"2":{"start":{"line":13,"column":19},"end":{"line":13,"column":66}},"3":{"start":{"line":15,"column":4},"end":{"line":17,"column":10}},"4":{"start":{"line":18,"column":23},"end":{"line":18,"column":82}},"5":{"start":{"line":21,"column":4},"end":{"line":29,"column":63}},"6":{"start":{"line":32,"column":4},"end":{"line":32,"column":69}},"7":{"start":{"line":36,"column":25},"end":{"line":36,"column":46}},"8":{"start":{"line":38,"column":17},"end":{"line":60,"column":3}},"9":{"start":{"line":62,"column":2},"end":{"line":79,"column":3}},"10":{"start":{"line":63,"column":4},"end":{"line":78,"column":6}},"11":{"start":{"line":81,"column":17},"end":{"line":83,"column":15}},"12":{"start":{"line":85,"column":2},"end":{"line":85,"column":16}}},"fnMap":{"0":{"name":"buildPrompt","decl":{"start":{"line":4,"column":16},"end":{"line":4,"column":27}},"loc":{"start":{"line":9,"column":3},"end":{"line":86,"column":1}},"line":9}},"branchMap":{"0":{"loc":{"start":{"line":5,"column":2},"end":{"line":5,"column":18}},"type":"default-arg","locations":[{"start":{"line":5,"column":9},"end":{"line":5,"column":18}}],"line":5},"1":{"loc":{"start":{"line":6,"column":2},"end":{"line":6,"column":18}},"type":"default-arg","locations":[{"start":{"line":6,"column":16},"end":{"line":6,"column":18}}],"line":6},"2":{"loc":{"start":{"line":7,"column":2},"end":{"line":7,"column":14}},"type":"default-arg","locations":[{"start":{"line":7,"column":12},"end":{"line":7,"column":14}}],"line":7},"3":{"loc":{"start":{"line":8,"column":2},"end":{"line":8,"column":15}},"type":"default-arg","locations":[{"start":{"line":8,"column":13},"end":{"line":8,"column":15}}],"line":8},"4":{"loc":{"start":{"line":12,"column":21},"end":{"line":12,"column":77}},"type":"binary-expr","locations":[{"start":{"line":12,"column":21},"end":{"line":12,"column":48}},{"start":{"line":12,"column":52},"end":{"line":12,"column":77}}],"line":12},"5":{"loc":{"start":{"line":13,"column":19},"end":{"line":13,"column":66}},"type":"cond-expr","locations":[{"start":{"line":13,"column":36},"end":{"line":13,"column":61}},{"start":{"line":13,"column":64},"end":{"line":13,"column":66}}],"line":13},"6":{"loc":{"start":{"line":15,"column":4},"end":{"line":17,"column":10}},"type":"cond-expr","locations":[{"start":{"line":16,"column":8},"end":{"line":16,"column":43}},{"start":{"line":17,"column":8},"end":{"line":17,"column":10}}],"line":15},"7":{"loc":{"start":{"line":18,"column":23},"end":{"line":18,"column":82}},"type":"cond-expr","locations":[{"start":{"line":18,"column":44},"end":{"line":18,"column":77}},{"start":{"line":18,"column":80},"end":{"line":18,"column":82}}],"line":18},"8":{"loc":{"start":{"line":21,"column":4},"end":{"line":29,"column":63}},"type":"cond-expr","locations":[{"start":{"line":22,"column":8},"end":{"line":22,"column":54}},{"start":{"line":23,"column":8},"end":{"line":29,"column":63}}],"line":21},"9":{"loc":{"start":{"line":23,"column":8},"end":{"line":29,"column":63}},"type":"cond-expr","locations":[{"start":{"line":24,"column":8},"end":{"line":24,"column":72}},{"start":{"line":25,"column":8},"end":{"line":29,"column":63}}],"line":23},"10":{"loc":{"start":{"line":25,"column":8},"end":{"line":29,"column":63}},"type":"cond-expr","locations":[{"start":{"line":26,"column":8},"end":{"line":26,"column":80}},{"start":{"line":27,"column":8},"end":{"line":29,"column":63}}],"line":25},"11":{"loc":{"start":{"line":27,"column":8},"end":{"line":29,"column":63}},"type":"cond-expr","locations":[{"start":{"line":28,"column":8},"end":{"line":28,"column":79}},{"start":{"line":29,"column":8},"end":{"line":29,"column":63}}],"line":27},"12":{"loc":{"start":{"line":32,"column":4},"end":{"line":32,"column":69}},"type":"binary-expr","locations":[{"start":{"line":32,"column":4},"end":{"line":32,"column":36}},{"start":{"line":32,"column":40},"end":{"line":32,"column":69}}],"line":32},"13":{"loc":{"start":{"line":32,"column":11},"end":{"line":32,"column":28}},"type":"binary-expr","locations":[{"start":{"line":32,"column":11},"end":{"line":32,"column":22}},{"start":{"line":32,"column":26},"end":{"line":32,"column":28}}],"line":32},"14":{"loc":{"start":{"line":36,"column":32},"end":{"line":36,"column":45}},"type":"binary-expr","locations":[{"start":{"line":36,"column":32},"end":{"line":36,"column":39}},{"start":{"line":36,"column":43},"end":{"line":36,"column":45}}],"line":36},"15":{"loc":{"start":{"line":42,"column":4},"end":{"line":44,"column":88}},"type":"cond-expr","locations":[{"start":{"line":43,"column":8},"end":{"line":43,"column":88}},{"start":{"line":44,"column":8},"end":{"line":44,"column":88}}],"line":42},"16":{"loc":{"start":{"line":52,"column":8},"end":{"line":59,"column":10}},"type":"cond-expr","locations":[{"start":{"line":53,"column":8},"end":{"line":58,"column":9}},{"start":{"line":59,"column":8},"end":{"line":59,"column":10}}],"line":52},"17":{"loc":{"start":{"line":62,"column":2},"end":{"line":79,"column":3}},"type":"if","locations":[{"start":{"line":62,"column":2},"end":{"line":79,"column":3}},{"start":{},"end":{}}],"line":62}},"s":{"0":3,"1":3,"2":3,"3":3,"4":3,"5":3,"6":3,"7":3,"8":3,"9":3,"10":1,"11":3,"12":3},"f":{"0":3},"b":{"0":[0],"1":[0],"2":[0],"3":[3],"4":[3,3],"5":[0,3],"6":[0,3],"7":[0,3],"8":[0,3],"9":[0,3],"10":[1,2],"11":[1,1],"12":[3,0],"13":[3,0],"14":[3,1],"15":[1,2],"16":[2,1],"17":[1,2]},"inputSourceMap":null,"_coverageSchema":"1a1c01bbd47fc00a2c39e90264f33305004495a9","hash":"89cbaeada207c517ab00a3352da2d9c2e6a79e9d"}
,"/Users/allenhuo/Documents/code/Grammarly-Clone/backend/ai/providers/anthropic.js": {"path":"/Users/allenhuo/Documents/code/Grammarly-Clone/backend/ai/providers/anthropic.js","statementMap":{"0":{"start":{"line":11,"column":4},"end":{"line":11,"column":62}},"1":{"start":{"line":11,"column":17},"end":{"line":11,"column":62}},"2":{"start":{"line":12,"column":4},"end":{"line":12,"column":25}},"3":{"start":{"line":13,"column":4},"end":{"line":13,"column":23}},"4":{"start":{"line":14,"column":4},"end":{"line":14,"column":47}},"5":{"start":{"line":15,"column":4},"end":{"line":15,"column":33}},"6":{"start":{"line":19,"column":17},"end":{"line":32,"column":6}},"7":{"start":{"line":33,"column":17},"end":{"line":33,"column":34}},"8":{"start":{"line":34,"column":15},"end":{"line":34,"column":19}},"9":{"start":{"line":35,"column":4},"end":{"line":35,"column":59}},"10":{"start":{"line":35,"column":10},"end":{"line":35,"column":48}},"11":{"start":{"line":36,"column":4},"end":{"line":38,"column":5}},"12":{"start":{"line":37,"column":6},"end":{"line":37,"column":82}},"13":{"start":{"line":40,"column":18},"end":{"line":40,"column":66}},"14":{"start":{"line":41,"column":21},"end":{"line":44,"column":15}},"15":{"start":{"line":42,"column":19},"end":{"line":42,"column":51}},"16":{"start":{"line":45,"column":4},"end":{"line":45,"column":20}}},"fnMap":{"0":{"name":"(anonymous_0)","decl":{"start":{"line":5,"column":2},"end":{"line":5,"column":3}},"loc":{"start":{"line":10,"column":10},"end":{"line":16,"column":3}},"line":10},"1":{"name":"(anonymous_1)","decl":{"start":{"line":18,"column":2},"end":{"line":18,"column":3}},"loc":{"start":{"line":18,"column":65},"end":{"line":46,"column":3}},"line":18},"2":{"name":"(anonymous_2)","decl":{"start":{"line":42,"column":11},"end":{"line":42,"column":12}},"loc":{"start":{"line":42,"column":19},"end":{"line":42,"column":51}},"line":42}},"branchMap":{"0":{"loc":{"start":{"line":5,"column":14},"end":{"line":10,"column":8}},"type":"default-arg","locations":[{"start":{"line":10,"column":6},"end":{"line":10,"column":8}}],"line":5},"1":{"loc":{"start":{"line":7,"column":4},"end":{"line":7,"column":37}},"type":"default-arg","locations":[{"start":{"line":7,"column":12},"end":{"line":7,"column":37}}],"line":7},"2":{"loc":{"start":{"line":8,"column":4},"end":{"line":8,"column":41}},"type":"default-arg","locations":[{"start":{"line":8,"column":14},"end":{"line":8,"column":41}}],"line":8},"3":{"loc":{"start":{"line":9,"column":4},"end":{"line":9,"column":29}},"type":"default-arg","locations":[{"start":{"line":9,"column":17},"end":{"line":9,"column":29}}],"line":9},"4":{"loc":{"start":{"line":11,"column":4},"end":{"line":11,"column":62}},"type":"if","locations":[{"start":{"line":11,"column":4},"end":{"line":11,"column":62}},{"start":{},"end":{}}],"line":11},"5":{"loc":{"start":{"line":18,"column":27},"end":{"line":18,"column":44}},"type":"default-arg","locations":[{"start":{"line":18,"column":41},"end":{"line":18,"column":44}}],"line":18},"6":{"loc":{"start":{"line":18,"column":46},"end":{"line":18,"column":61}},"type":"default-arg","locations":[{"start":{"line":18,"column":58},"end":{"line":18,"column":61}}],"line":18},"7":{"loc":{"start":{"line":35,"column":17},"end":{"line":35,"column":47}},"type":"cond-expr","locations":[{"start":{"line":35,"column":24},"end":{"line":35,"column":40}},{"start":{"line":35,"column":43},"end":{"line":35,"column":47}}],"line":35},"8":{"loc":{"start":{"line":36,"column":4},"end":{"line":38,"column":5}},"type":"if","locations":[{"start":{"line":36,"column":4},"end":{"line":38,"column":5}},{"start":{},"end":{}}],"line":36},"9":{"loc":{"start":{"line":37,"column":22},"end":{"line":37,"column":80}},"type":"binary-expr","locations":[{"start":{"line":37,"column":22},"end":{"line":37,"column":42}},{"start":{"line":37,"column":46},"end":{"line":37,"column":50}},{"start":{"line":37,"column":54},"end":{"line":37,"column":80}}],"line":37},"10":{"loc":{"start":{"line":40,"column":18},"end":{"line":40,"column":66}},"type":"cond-expr","locations":[{"start":{"line":40,"column":49},"end":{"line":40,"column":61}},{"start":{"line":40,"column":64},"end":{"line":40,"column":66}}],"line":40},"11":{"loc":{"start":{"line":42,"column":19},"end":{"line":42,"column":51}},"type":"cond-expr","locations":[{"start":{"line":42,"column":40},"end":{"line":42,"column":46}},{"start":{"line":42,"column":49},"end":{"line":42,"column":51}}],"line":42}},"s":{"0":0,"1":0,"2":0,"3":0,"4":0,"5":0,"6":0,"7":0,"8":0,"9":0,"10":0,"11":0,"12":0,"13":0,"14":0,"15":0,"16":0},"f":{"0":0,"1":0,"2":0},"b":{"0":[0],"1":[0],"2":[0],"3":[0],"4":[0,0],"5":[0],"6":[0],"7":[0,0],"8":[0,0],"9":[0,0,0],"10":[0,0],"11":[0,0]},"inputSourceMap":null}
,"/Users/allenhuo/Documents/code/Grammarly-Clone/backend/ai/providers/gemini.js": {"path":"/Users/allenhuo/Documents/code/Grammarly-Clone/backend/ai/providers/gemini.js","statementMap":{"0":{"start":{"line":5,"column":4},"end":{"line":7,"column":5}},"1":{"start":{"line":6,"column":6},"end":{"line":6,"column":48}},"2":{"start":{"line":8,"column":4},"end":{"line":8,"column":49}},"3":{"start":{"line":9,"column":4},"end":{"line":9,"column":27}},"4":{"start":{"line":13,"column":18},"end":{"line":13,"column":75}},"5":{"start":{"line":14,"column":19},"end":{"line":22,"column":6}},"6":{"start":{"line":23,"column":4},"end":{"line":23,"column":44}}},"fnMap":{"0":{"name":"(anonymous_0)","decl":{"start":{"line":4,"column":2},"end":{"line":4,"column":3}},"loc":{"start":{"line":4,"column":59},"end":{"line":10,"column":3}},"line":4},"1":{"name":"(anonymous_1)","decl":{"start":{"line":12,"column":2},"end":{"line":12,"column":3}},"loc":{"start":{"line":12,"column":78},"end":{"line":24,"column":3}},"line":12}},"branchMap":{"0":{"loc":{"start":{"line":4,"column":14},"end":{"line":4,"column":57}},"type":"default-arg","locations":[{"start":{"line":4,"column":55},"end":{"line":4,"column":57}}],"line":4},"1":{"loc":{"start":{"line":4,"column":24},"end":{"line":4,"column":50}},"type":"default-arg","locations":[{"start":{"line":4,"column":32},"end":{"line":4,"column":50}}],"line":4},"2":{"loc":{"start":{"line":5,"column":4},"end":{"line":7,"column":5}},"type":"if","locations":[{"start":{"line":5,"column":4},"end":{"line":7,"column":5}},{"start":{},"end":{}}],"line":5},"3":{"loc":{"start":{"line":12,"column":27},"end":{"line":12,"column":44}},"type":"default-arg","locations":[{"start":{"line":12,"column":41},"end":{"line":12,"column":44}}],"line":12},"4":{"loc":{"start":{"line":12,"column":57},"end":{"line":12,"column":74}},"type":"default-arg","locations":[{"start":{"line":12,"column":69},"end":{"line":12,"column":74}}],"line":12},"5":{"loc":{"start":{"line":18,"column":12},"end":{"line":18,"column":79}},"type":"cond-expr","locations":[{"start":{"line":18,"column":44},"end":{"line":18,"column":74}},{"start":{"line":18,"column":77},"end":{"line":18,"column":79}}],"line":18},"6":{"loc":{"start":{"line":20,"column":12},"end":{"line":20,"column":109}},"type":"cond-expr","locations":[{"start":{"line":20,"column":24},"end":{"line":20,"column":104}},{"start":{"line":20,"column":107},"end":{"line":20,"column":109}}],"line":20},"7":{"loc":{"start":{"line":23,"column":11},"end":{"line":23,"column":43}},"type":"binary-expr","locations":[{"start":{"line":23,"column":11},"end":{"line":23,"column":37}},{"start":{"line":23,"column":41},"end":{"line":23,"column":43}}],"line":23}},"s":{"0":0,"1":0,"2":0,"3":0,"4":0,"5":0,"6":0},"f":{"0":0,"1":0},"b":{"0":[0],"1":[0],"2":[0,0],"3":[0],"4":[0],"5":[0,0],"6":[0,0],"7":[0,0]},"inputSourceMap":null}
,"/Users/allenhuo/Documents/code/Grammarly-Clone/backend/ai/providers/ollama.js": {"path":"/Users/allenhuo/Documents/code/Grammarly-Clone/backend/ai/providers/ollama.js","statementMap":{"0":{"start":{"line":6,"column":4},"end":{"line":6,"column":47}},"1":{"start":{"line":7,"column":4},"end":{"line":7,"column":23}},"2":{"start":{"line":11,"column":17},"end":{"line":23,"column":6}},"3":{"start":{"line":24,"column":17},"end":{"line":24,"column":34}},"4":{"start":{"line":25,"column":15},"end":{"line":25,"column":19}},"5":{"start":{"line":26,"column":4},"end":{"line":26,"column":59}},"6":{"start":{"line":26,"column":10},"end":{"line":26,"column":48}},"7":{"start":{"line":27,"column":4},"end":{"line":29,"column":5}},"8":{"start":{"line":28,"column":6},"end":{"line":28,"column":70}},"9":{"start":{"line":30,"column":4},"end":{"line":30,"column":67}}},"fnMap":{"0":{"name":"(anonymous_0)","decl":{"start":{"line":5,"column":2},"end":{"line":5,"column":3}},"loc":{"start":{"line":5,"column":82},"end":{"line":8,"column":3}},"line":5},"1":{"name":"(anonymous_1)","decl":{"start":{"line":10,"column":2},"end":{"line":10,"column":3}},"loc":{"start":{"line":10,"column":59},"end":{"line":31,"column":3}},"line":10}},"branchMap":{"0":{"loc":{"start":{"line":5,"column":14},"end":{"line":5,"column":80}},"type":"default-arg","locations":[{"start":{"line":5,"column":78},"end":{"line":5,"column":80}}],"line":5},"1":{"loc":{"start":{"line":5,"column":16},"end":{"line":5,"column":50}},"type":"default-arg","locations":[{"start":{"line":5,"column":26},"end":{"line":5,"column":50}}],"line":5},"2":{"loc":{"start":{"line":5,"column":52},"end":{"line":5,"column":73}},"type":"default-arg","locations":[{"start":{"line":5,"column":60},"end":{"line":5,"column":73}}],"line":5},"3":{"loc":{"start":{"line":10,"column":27},"end":{"line":10,"column":44}},"type":"default-arg","locations":[{"start":{"line":10,"column":41},"end":{"line":10,"column":44}}],"line":10},"4":{"loc":{"start":{"line":20,"column":14},"end":{"line":20,"column":77}},"type":"cond-expr","locations":[{"start":{"line":20,"column":46},"end":{"line":20,"column":72}},{"start":{"line":20,"column":75},"end":{"line":20,"column":77}}],"line":20},"5":{"loc":{"start":{"line":26,"column":17},"end":{"line":26,"column":47}},"type":"cond-expr","locations":[{"start":{"line":26,"column":24},"end":{"line":26,"column":40}},{"start":{"line":26,"column":43},"end":{"line":26,"column":47}}],"line":26},"6":{"loc":{"start":{"line":27,"column":4},"end":{"line":29,"column":5}},"type":"if","locations":[{"start":{"line":27,"column":4},"end":{"line":29,"column":5}},{"start":{},"end":{}}],"line":27},"7":{"loc":{"start":{"line":28,"column":22},"end":{"line":28,"column":68}},"type":"binary-expr","locations":[{"start":{"line":28,"column":22},"end":{"line":28,"column":33}},{"start":{"line":28,"column":37},"end":{"line":28,"column":41}},{"start":{"line":28,"column":45},"end":{"line":28,"column":68}}],"line":28},"8":{"loc":{"start":{"line":30,"column":11},"end":{"line":30,"column":66}},"type":"cond-expr","locations":[{"start":{"line":30,"column":48},"end":{"line":30,"column":61}},{"start":{"line":30,"column":64},"end":{"line":30,"column":66}}],"line":30}},"s":{"0":0,"1":0,"2":0,"3":0,"4":0,"5":0,"6":0,"7":0,"8":0,"9":0},"f":{"0":0,"1":0},"b":{"0":[0],"1":[0],"2":[0],"3":[0],"4":[0,0],"5":[0,0],"6":[0,0],"7":[0,0,0],"8":[0,0]},"inputSourceMap":null}
,"/Users/allenhuo/Documents/code/Grammarly-Clone/backend/ai/providers/openai.js": {"path":"/Users/allenhuo/Documents/code/Grammarly-Clone/backend/ai/providers/openai.js","statementMap":{"0":{"start":{"line":14,"column":4},"end":{"line":14,"column":59}},"1":{"start":{"line":14,"column":17},"end":{"line":14,"column":59}},"2":{"start":{"line":15,"column":4},"end":{"line":15,"column":25}},"3":{"start":{"line":16,"column":4},"end":{"line":16,"column":23}},"4":{"start":{"line":17,"column":4},"end":{"line":17,"column":47}},"5":{"start":{"line":21,"column":17},"end":{"line":34,"column":6}},"6":{"start":{"line":35,"column":17},"end":{"line":35,"column":34}},"7":{"start":{"line":36,"column":15},"end":{"line":36,"column":19}},"8":{"start":{"line":37,"column":4},"end":{"line":37,"column":59}},"9":{"start":{"line":37,"column":10},"end":{"line":37,"column":48}},"10":{"start":{"line":38,"column":4},"end":{"line":41,"column":5}},"11":{"start":{"line":39,"column":21},"end":{"line":39,"column":76}},"12":{"start":{"line":40,"column":6},"end":{"line":40,"column":30}},"13":{"start":{"line":42,"column":20},"end":{"line":42,"column":56}},"14":{"start":{"line":43,"column":4},"end":{"line":43,"column":54}}},"fnMap":{"0":{"name":"(anonymous_0)","decl":{"start":{"line":9,"column":2},"end":{"line":9,"column":3}},"loc":{"start":{"line":13,"column":10},"end":{"line":18,"column":3}},"line":13},"1":{"name":"(anonymous_1)","decl":{"start":{"line":20,"column":2},"end":{"line":20,"column":3}},"loc":{"start":{"line":20,"column":78},"end":{"line":44,"column":3}},"line":20}},"branchMap":{"0":{"loc":{"start":{"line":9,"column":14},"end":{"line":13,"column":8}},"type":"default-arg","locations":[{"start":{"line":13,"column":6},"end":{"line":13,"column":8}}],"line":9},"1":{"loc":{"start":{"line":11,"column":4},"end":{"line":11,"column":25}},"type":"default-arg","locations":[{"start":{"line":11,"column":12},"end":{"line":11,"column":25}}],"line":11},"2":{"loc":{"start":{"line":12,"column":4},"end":{"line":12,"column":38}},"type":"default-arg","locations":[{"start":{"line":12,"column":14},"end":{"line":12,"column":38}}],"line":12},"3":{"loc":{"start":{"line":14,"column":4},"end":{"line":14,"column":59}},"type":"if","locations":[{"start":{"line":14,"column":4},"end":{"line":14,"column":59}},{"start":{},"end":{}}],"line":14},"4":{"loc":{"start":{"line":20,"column":27},"end":{"line":20,"column":44}},"type":"default-arg","locations":[{"start":{"line":20,"column":41},"end":{"line":20,"column":44}}],"line":20},"5":{"loc":{"start":{"line":20,"column":57},"end":{"line":20,"column":74}},"type":"default-arg","locations":[{"start":{"line":20,"column":69},"end":{"line":20,"column":74}}],"line":20},"6":{"loc":{"start":{"line":29,"column":51},"end":{"line":29,"column":63}},"type":"binary-expr","locations":[{"start":{"line":29,"column":51},"end":{"line":29,"column":57}},{"start":{"line":29,"column":61},"end":{"line":29,"column":63}}],"line":29},"7":{"loc":{"start":{"line":31,"column":12},"end":{"line":31,"column":74}},"type":"cond-expr","locations":[{"start":{"line":31,"column":44},"end":{"line":31,"column":69}},{"start":{"line":31,"column":72},"end":{"line":31,"column":74}}],"line":31},"8":{"loc":{"start":{"line":32,"column":12},"end":{"line":32,"column":73}},"type":"cond-expr","locations":[{"start":{"line":32,"column":24},"end":{"line":32,"column":68}},{"start":{"line":32,"column":71},"end":{"line":32,"column":73}}],"line":32},"9":{"loc":{"start":{"line":37,"column":17},"end":{"line":37,"column":47}},"type":"cond-expr","locations":[{"start":{"line":37,"column":24},"end":{"line":37,"column":40}},{"start":{"line":37,"column":43},"end":{"line":37,"column":47}}],"line":37},"10":{"loc":{"start":{"line":38,"column":4},"end":{"line":41,"column":5}},"type":"if","locations":[{"start":{"line":38,"column":4},"end":{"line":41,"column":5}},{"start":{},"end":{}}],"line":38},"11":{"loc":{"start":{"line":39,"column":21},"end":{"line":39,"column":76}},"type":"binary-expr","locations":[{"start":{"line":39,"column":21},"end":{"line":39,"column":41}},{"start":{"line":39,"column":45},"end":{"line":39,"column":49}},{"start":{"line":39,"column":53},"end":{"line":39,"column":76}}],"line":39},"12":{"loc":{"start":{"line":43,"column":11},"end":{"line":43,"column":53}},"type":"cond-expr","locations":[{"start":{"line":43,"column":41},"end":{"line":43,"column":48}},{"start":{"line":43,"column":51},"end":{"line":43,"column":53}}],"line":43}},"s":{"0":0,"1":0,"2":0,"3":0,"4":0,"5":0,"6":0,"7":0,"8":0,"9":0,"10":0,"11":0,"12":0,"13":0,"14":0},"f":{"0":0,"1":0},"b":{"0":[0],"1":[0],"2":[0],"3":[0,0],"4":[0],"5":[0],"6":[0,0],"7":[0,0],"8":[0,0],"9":[0,0],"10":[0,0],"11":[0,0,0],"12":[0,0]},"inputSourceMap":null}
}
