TN:
SF:metrics.js
FN:6,(anonymous_0)
FN:9,(anonymous_1)
FN:14,(anonymous_2)
FN:15,(anonymous_3)
FN:17,(anonymous_4)
FN:18,(anonymous_5)
FN:37,recordMetric
FN:42,getMetricsSnapshot
FNF:8
FNH:8
FNDA:3,(anonymous_0)
FNDA:11,(anonymous_1)
FNDA:5,(anonymous_2)
FNDA:18,(anonymous_3)
FNDA:15,(anonymous_4)
FNDA:21,(anonymous_5)
FNDA:11,recordMetric
FNDA:2,getMetricsSnapshot
DA:3,1
DA:7,3
DA:10,11
DA:11,11
DA:12,11
DA:15,18
DA:16,5
DA:17,15
DA:18,21
DA:19,5
DA:31,1
DA:38,11
DA:39,11
DA:43,2
DA:44,2
DA:45,5
DA:47,2
LF:17
LH:17
BRDA:10,0,0,0
BRDA:10,0,1,11
BRDA:10,1,0,11
BRDA:10,1,1,11
BRDA:10,1,2,11
BRDA:12,2,0,0
BRDA:12,2,1,11
BRDA:17,3,0,6
BRDA:17,3,1,9
BRDA:21,4,0,3
BRDA:21,4,1,2
BRDA:25,5,0,3
BRDA:25,5,1,2
BRDA:26,6,0,3
BRDA:26,6,1,2
BRDA:38,7,0,1
BRDA:38,7,1,10
BRF:17
BRH:15
end_of_record
TN:
SF:ai/index.js
FN:10,extractJsonObject
FN:33,unique
FN:45,tryMakeProvider
FN:96,getProvidersInOrder
FN:110,generateAI
FNF:5
FNH:0
FNDA:0,extractJsonObject
FNDA:0,unique
FNDA:0,tryMakeProvider
FNDA:0,getProvidersInOrder
FNDA:0,generateAI
DA:2,0
DA:11,0
DA:13,0
DA:14,0
DA:15,0
DA:16,0
DA:19,0
DA:20,0
DA:21,0
DA:22,0
DA:23,0
DA:26,0
DA:27,0
DA:28,0
DA:30,0
DA:34,0
DA:35,0
DA:36,0
DA:37,0
DA:38,0
DA:39,0
DA:42,0
DA:46,0
DA:47,0
DA:48,0
DA:49,0
DA:58,0
DA:59,0
DA:60,0
DA:68,0
DA:69,0
DA:70,0
DA:80,0
DA:81,0
DA:82,0
DA:91,0
DA:93,0
DA:98,0
DA:99,0
DA:100,0
DA:101,0
DA:102,0
DA:103,0
DA:104,0
DA:105,0
DA:107,0
DA:120,0
DA:126,0
DA:127,0
DA:128,0
DA:129,0
DA:130,0
DA:131,0
DA:132,0
DA:137,0
DA:139,0
DA:140,0
DA:141,0
DA:142,0
DA:143,0
DA:144,0
DA:145,0
DA:146,0
DA:148,0
DA:149,0
DA:151,0
DA:152,0
DA:154,0
DA:156,0
DA:157,0
DA:160,0
DA:162,0
DA:163,0
DA:164,0
LF:74
LH:0
BRDA:11,0,0,0
BRDA:11,0,1,0
BRDA:15,1,0,0
BRDA:15,1,1,0
BRDA:15,2,0,0
BRDA:15,2,1,0
BRDA:21,3,0,0
BRDA:21,3,1,0
BRDA:21,4,0,0
BRDA:21,4,1,0
BRDA:27,5,0,0
BRDA:27,5,1,0
BRDA:37,6,0,0
BRDA:37,6,1,0
BRDA:37,7,0,0
BRDA:37,7,1,0
BRDA:47,8,0,0
BRDA:47,8,1,0
BRDA:53,9,0,0
BRDA:53,9,1,0
BRDA:54,10,0,0
BRDA:54,10,1,0
BRDA:58,11,0,0
BRDA:58,11,1,0
BRDA:59,12,0,0
BRDA:59,12,1,0
BRDA:64,13,0,0
BRDA:64,13,1,0
BRDA:68,14,0,0
BRDA:68,14,1,0
BRDA:68,15,0,0
BRDA:68,15,1,0
BRDA:74,16,0,0
BRDA:74,16,1,0
BRDA:75,17,0,0
BRDA:75,17,1,0
BRDA:76,18,0,0
BRDA:76,18,1,0
BRDA:80,19,0,0
BRDA:80,19,1,0
BRDA:81,20,0,0
BRDA:81,20,1,0
BRDA:86,21,0,0
BRDA:86,21,1,0
BRDA:99,22,0,0
BRDA:99,22,1,0
BRDA:100,23,0,0
BRDA:100,23,1,0
BRDA:105,24,0,0
BRDA:105,24,1,0
BRDA:105,25,0,0
BRDA:105,25,1,0
BRDA:110,26,0,0
BRDA:111,27,0,0
BRDA:112,28,0,0
BRDA:113,29,0,0
BRDA:114,30,0,0
BRDA:115,31,0,0
BRDA:122,32,0,0
BRDA:122,32,1,0
BRDA:122,32,2,0
BRDA:134,33,0,0
BRDA:134,33,1,0
BRDA:140,34,0,0
BRDA:140,34,1,0
BRDA:142,35,0,0
BRDA:142,35,1,0
BRDA:143,36,0,0
BRDA:143,36,1,0
BRDA:144,37,0,0
BRDA:144,37,1,0
BRDA:145,38,0,0
BRDA:145,38,1,0
BRDA:145,39,0,0
BRDA:145,39,1,0
BRDA:151,40,0,0
BRDA:151,40,1,0
BRDA:160,41,0,0
BRDA:160,41,1,0
BRDA:162,42,0,0
BRDA:162,42,1,0
BRF:81
BRH:0
end_of_record
TN:
SF:ai/promptBuilder.js
FN:4,buildPrompt
FNF:1
FNH:1
FNDA:3,buildPrompt
DA:11,3
DA:12,3
DA:13,3
DA:15,3
DA:18,3
DA:21,3
DA:32,3
DA:36,3
DA:38,3
DA:62,3
DA:63,1
DA:81,3
DA:85,3
LF:13
LH:13
BRDA:5,0,0,0
BRDA:6,1,0,0
BRDA:7,2,0,0
BRDA:8,3,0,3
BRDA:12,4,0,3
BRDA:12,4,1,3
BRDA:13,5,0,0
BRDA:13,5,1,3
BRDA:15,6,0,0
BRDA:15,6,1,3
BRDA:18,7,0,0
BRDA:18,7,1,3
BRDA:21,8,0,0
BRDA:21,8,1,3
BRDA:23,9,0,0
BRDA:23,9,1,3
BRDA:25,10,0,1
BRDA:25,10,1,2
BRDA:27,11,0,1
BRDA:27,11,1,1
BRDA:32,12,0,3
BRDA:32,12,1,0
BRDA:32,13,0,3
BRDA:32,13,1,0
BRDA:36,14,0,3
BRDA:36,14,1,1
BRDA:42,15,0,1
BRDA:42,15,1,2
BRDA:52,16,0,2
BRDA:52,16,1,1
BRDA:62,17,0,1
BRDA:62,17,1,2
BRF:32
BRH:22
end_of_record
TN:
SF:ai/providers/anthropic.js
FN:5,(anonymous_0)
FN:18,(anonymous_1)
FN:42,(anonymous_2)
FNF:3
FNH:0
FNDA:0,(anonymous_0)
FNDA:0,(anonymous_1)
FNDA:0,(anonymous_2)
DA:11,0
DA:12,0
DA:13,0
DA:14,0
DA:15,0
DA:19,0
DA:33,0
DA:34,0
DA:35,0
DA:36,0
DA:37,0
DA:40,0
DA:41,0
DA:42,0
DA:45,0
LF:15
LH:0
BRDA:5,0,0,0
BRDA:7,1,0,0
BRDA:8,2,0,0
BRDA:9,3,0,0
BRDA:11,4,0,0
BRDA:11,4,1,0
BRDA:18,5,0,0
BRDA:18,6,0,0
BRDA:35,7,0,0
BRDA:35,7,1,0
BRDA:36,8,0,0
BRDA:36,8,1,0
BRDA:37,9,0,0
BRDA:37,9,1,0
BRDA:37,9,2,0
BRDA:40,10,0,0
BRDA:40,10,1,0
BRDA:42,11,0,0
BRDA:42,11,1,0
BRF:19
BRH:0
end_of_record
TN:
SF:ai/providers/gemini.js
FN:4,(anonymous_0)
FN:12,(anonymous_1)
FNF:2
FNH:0
FNDA:0,(anonymous_0)
FNDA:0,(anonymous_1)
DA:5,0
DA:6,0
DA:8,0
DA:9,0
DA:13,0
DA:14,0
DA:23,0
LF:7
LH:0
BRDA:4,0,0,0
BRDA:4,1,0,0
BRDA:5,2,0,0
BRDA:5,2,1,0
BRDA:12,3,0,0
BRDA:12,4,0,0
BRDA:18,5,0,0
BRDA:18,5,1,0
BRDA:20,6,0,0
BRDA:20,6,1,0
BRDA:23,7,0,0
BRDA:23,7,1,0
BRF:12
BRH:0
end_of_record
TN:
SF:ai/providers/ollama.js
FN:5,(anonymous_0)
FN:10,(anonymous_1)
FNF:2
FNH:0
FNDA:0,(anonymous_0)
FNDA:0,(anonymous_1)
DA:6,0
DA:7,0
DA:11,0
DA:24,0
DA:25,0
DA:26,0
DA:27,0
DA:28,0
DA:30,0
LF:9
LH:0
BRDA:5,0,0,0
BRDA:5,1,0,0
BRDA:5,2,0,0
BRDA:10,3,0,0
BRDA:20,4,0,0
BRDA:20,4,1,0
BRDA:26,5,0,0
BRDA:26,5,1,0
BRDA:27,6,0,0
BRDA:27,6,1,0
BRDA:28,7,0,0
BRDA:28,7,1,0
BRDA:28,7,2,0
BRDA:30,8,0,0
BRDA:30,8,1,0
BRF:15
BRH:0
end_of_record
TN:
SF:ai/providers/openai.js
FN:9,(anonymous_0)
FN:20,(anonymous_1)
FNF:2
FNH:0
FNDA:0,(anonymous_0)
FNDA:0,(anonymous_1)
DA:14,0
DA:15,0
DA:16,0
DA:17,0
DA:21,0
DA:35,0
DA:36,0
DA:37,0
DA:38,0
DA:39,0
DA:40,0
DA:42,0
DA:43,0
LF:13
LH:0
BRDA:9,0,0,0
BRDA:11,1,0,0
BRDA:12,2,0,0
BRDA:14,3,0,0
BRDA:14,3,1,0
BRDA:20,4,0,0
BRDA:20,5,0,0
BRDA:29,6,0,0
BRDA:29,6,1,0
BRDA:31,7,0,0
BRDA:31,7,1,0
BRDA:32,8,0,0
BRDA:32,8,1,0
BRDA:37,9,0,0
BRDA:37,9,1,0
BRDA:38,10,0,0
BRDA:38,10,1,0
BRDA:39,11,0,0
BRDA:39,11,1,0
BRDA:39,11,2,0
BRDA:43,12,0,0
BRDA:43,12,1,0
BRF:22
BRH:0
end_of_record
